2024-06-09 18:57:49,664.producer.INFO ==================================================
2024-06-09 18:57:49,665.producer.INFO Today is 2024-06-09 at 06:57 PM
2024-06-09 18:57:49,665.producer.INFO Running on: nt Windows 10
2024-06-09 18:57:49,665.producer.INFO Python version:  3.11.9
2024-06-09 18:57:49,665.producer.INFO Python path: C:\Users\timgo\Desktop\School\Summer2024\Data Streaming\Week 7\streaming-07-final-project\.venv
2024-06-09 18:57:49,665.producer.INFO Working dir: C:\Users\timgo\Desktop\School\Summer2024\Data Streaming\Week 7\streaming-07-final-project
2024-06-09 18:57:49,666.producer.INFO ==================================================
2024-06-09 18:57:49,666.producer.INFO Beginning process: __main__
2024-06-09 18:57:52,328.producer.INFO Attempting to access adoption_data.csv
2024-06-09 18:57:52,328.producer.INFO 05/10/24 18:38:43 - Row Injested: Arthur, Dog, Labrador Retriever, 6, White, Whiskers and Tails Sanctuary, Feliciamouth, California, 05/10/24 18:38:43
2024-06-09 18:57:52,328.producer.INFO calling send_message('localhost', new-Dogs, Arthur, Dog, Labrador Retriever)
2024-06-09 18:57:52,329.producer.INFO send_message(host='localhost', queue_name='new-Dogs', message=b'\x80\x04\x95\xe6\x00\x00\x00\x00\x00\x00\x00}\x94(\x8c\x04name\x94\x8c\x06Arthur\x94\x8c\x08pet_type\x94\x8c\x03Dog\x94\x8c\x05breed\x94\x8c\x12Labrador Retriever\x94\x8c\x03age\x94K\x06\x8c\x05color\x94\x8c\x05White\x94\x8c\x0cshelter_name\x94\x8c\x1cWhiskers and Tails Sanctuary\x94\x8c\x0cshelter_city\x94\x8c\x0cFeliciamouth\x94\x8c\rshelter_state\x94\x8c\nCalifornia\x94\x8c\x0bdate_posted\x94\x8c\x1105/10/24 18:38:43\x94u.')
2024-06-09 18:57:52,350.producer.INFO connection opened: host='localhost', queue_name='new-Dogs'
2024-06-09 18:57:52,361.producer.INFO  [x] Sent b'\x80\x04\x95\xe6\x00\x00\x00\x00\x00\x00\x00}\x94(\x8c\x04name\x94\x8c\x06Arthur\x94\x8c\x08pet_type\x94\x8c\x03Dog\x94\x8c\x05breed\x94\x8c\x12Labrador Retriever\x94\x8c\x03age\x94K\x06\x8c\x05color\x94\x8c\x05White\x94\x8c\x0cshelter_name\x94\x8c\x1cWhiskers and Tails Sanctuary\x94\x8c\x0cshelter_city\x94\x8c\x0cFeliciamouth\x94\x8c\rshelter_state\x94\x8c\nCalifornia\x94\x8c\x0bdate_posted\x94\x8c\x1105/10/24 18:38:43\x94u.'
2024-06-09 18:57:52,363.producer.INFO connection closed: host='localhost', queue_name='new-Dogs'
2024-06-09 18:58:22,365.producer.INFO 05/10/24 19:14:25 - Row Injested: Todd, Dog, Yorkshire Terrier, 15, White, Cuddle Buddies Rescue, Armstrongfort, Tennessee, 05/10/24 19:14:25
2024-06-09 18:58:22,367.producer.INFO calling send_message('localhost', new-Dogs, Todd, Dog, Yorkshire Terrier)
2024-06-09 18:58:22,368.producer.INFO send_message(host='localhost', queue_name='new-Dogs', message=b'\x80\x04\x95\xdc\x00\x00\x00\x00\x00\x00\x00}\x94(\x8c\x04name\x94\x8c\x04Todd\x94\x8c\x08pet_type\x94\x8c\x03Dog\x94\x8c\x05breed\x94\x8c\x11Yorkshire Terrier\x94\x8c\x03age\x94K\x0f\x8c\x05color\x94\x8c\x05White\x94\x8c\x0cshelter_name\x94\x8c\x15Cuddle Buddies Rescue\x94\x8c\x0cshelter_city\x94\x8c\rArmstrongfort\x94\x8c\rshelter_state\x94\x8c\tTennessee\x94\x8c\x0bdate_posted\x94\x8c\x1105/10/24 19:14:25\x94u.')
2024-06-09 18:58:22,409.producer.INFO connection opened: host='localhost', queue_name='new-Dogs'
2024-06-09 18:58:22,410.producer.INFO  [x] Sent b'\x80\x04\x95\xdc\x00\x00\x00\x00\x00\x00\x00}\x94(\x8c\x04name\x94\x8c\x04Todd\x94\x8c\x08pet_type\x94\x8c\x03Dog\x94\x8c\x05breed\x94\x8c\x11Yorkshire Terrier\x94\x8c\x03age\x94K\x0f\x8c\x05color\x94\x8c\x05White\x94\x8c\x0cshelter_name\x94\x8c\x15Cuddle Buddies Rescue\x94\x8c\x0cshelter_city\x94\x8c\rArmstrongfort\x94\x8c\rshelter_state\x94\x8c\tTennessee\x94\x8c\x0bdate_posted\x94\x8c\x1105/10/24 19:14:25\x94u.'
2024-06-09 18:58:22,413.producer.INFO connection closed: host='localhost', queue_name='new-Dogs'
2024-06-09 18:58:52,414.producer.INFO 05/10/24 19:22:55 - Row Injested: Travis, Dog, Rottweiler, 13, Cream, Fur-Ever Homes Shelter, Lorrainebury, Massachusetts, 05/10/24 19:22:55
2024-06-09 18:58:52,415.producer.INFO calling send_message('localhost', new-Dogs, Travis, Dog, Rottweiler)
2024-06-09 18:58:52,415.producer.INFO send_message(host='localhost', queue_name='new-Dogs', message=b'\x80\x04\x95\xdb\x00\x00\x00\x00\x00\x00\x00}\x94(\x8c\x04name\x94\x8c\x06Travis\x94\x8c\x08pet_type\x94\x8c\x03Dog\x94\x8c\x05breed\x94\x8c\nRottweiler\x94\x8c\x03age\x94K\r\x8c\x05color\x94\x8c\x05Cream\x94\x8c\x0cshelter_name\x94\x8c\x16Fur-Ever Homes Shelter\x94\x8c\x0cshelter_city\x94\x8c\x0cLorrainebury\x94\x8c\rshelter_state\x94\x8c\rMassachusetts\x94\x8c\x0bdate_posted\x94\x8c\x1105/10/24 19:22:55\x94u.')
2024-06-09 18:58:52,448.producer.INFO connection opened: host='localhost', queue_name='new-Dogs'
2024-06-09 18:58:52,450.producer.INFO  [x] Sent b'\x80\x04\x95\xdb\x00\x00\x00\x00\x00\x00\x00}\x94(\x8c\x04name\x94\x8c\x06Travis\x94\x8c\x08pet_type\x94\x8c\x03Dog\x94\x8c\x05breed\x94\x8c\nRottweiler\x94\x8c\x03age\x94K\r\x8c\x05color\x94\x8c\x05Cream\x94\x8c\x0cshelter_name\x94\x8c\x16Fur-Ever Homes Shelter\x94\x8c\x0cshelter_city\x94\x8c\x0cLorrainebury\x94\x8c\rshelter_state\x94\x8c\rMassachusetts\x94\x8c\x0bdate_posted\x94\x8c\x1105/10/24 19:22:55\x94u.'
2024-06-09 18:58:52,452.producer.INFO connection closed: host='localhost', queue_name='new-Dogs'
2024-06-09 18:59:22,453.producer.INFO 05/10/24 19:24:14 - Row Injested: Aaron, Dog, Bulldog, 3, Blue, Faithful Friends Animal Shelter, Port Robinborough, Minnesota, 05/10/24 19:24:14
2024-06-09 18:59:22,455.producer.INFO calling send_message('localhost', new-Dogs, Aaron, Dog, Bulldog)
2024-06-09 18:59:22,457.producer.INFO send_message(host='localhost', queue_name='new-Dogs', message=b'\x80\x04\x95\xe0\x00\x00\x00\x00\x00\x00\x00}\x94(\x8c\x04name\x94\x8c\x05Aaron\x94\x8c\x08pet_type\x94\x8c\x03Dog\x94\x8c\x05breed\x94\x8c\x07Bulldog\x94\x8c\x03age\x94K\x03\x8c\x05color\x94\x8c\x04Blue\x94\x8c\x0cshelter_name\x94\x8c\x1fFaithful Friends Animal Shelter\x94\x8c\x0cshelter_city\x94\x8c\x11Port Robinborough\x94\x8c\rshelter_state\x94\x8c\tMinnesota\x94\x8c\x0bdate_posted\x94\x8c\x1105/10/24 19:24:14\x94u.')
2024-06-09 18:59:22,484.producer.INFO connection opened: host='localhost', queue_name='new-Dogs'
2024-06-09 18:59:22,485.producer.INFO  [x] Sent b'\x80\x04\x95\xe0\x00\x00\x00\x00\x00\x00\x00}\x94(\x8c\x04name\x94\x8c\x05Aaron\x94\x8c\x08pet_type\x94\x8c\x03Dog\x94\x8c\x05breed\x94\x8c\x07Bulldog\x94\x8c\x03age\x94K\x03\x8c\x05color\x94\x8c\x04Blue\x94\x8c\x0cshelter_name\x94\x8c\x1fFaithful Friends Animal Shelter\x94\x8c\x0cshelter_city\x94\x8c\x11Port Robinborough\x94\x8c\rshelter_state\x94\x8c\tMinnesota\x94\x8c\x0bdate_posted\x94\x8c\x1105/10/24 19:24:14\x94u.'
2024-06-09 18:59:22,486.producer.INFO connection closed: host='localhost', queue_name='new-Dogs'
2024-06-09 18:59:52,487.producer.INFO 05/10/24 19:26:20 - Row Injested: Chad, Dog, Rottweiler, 8, Striped, Happy Paws Rescue, Boydmouth, Wyoming, 05/10/24 19:26:20
2024-06-09 18:59:52,489.producer.INFO calling send_message('localhost', new-Dogs, Chad, Dog, Rottweiler)
2024-06-09 18:59:52,491.producer.INFO send_message(host='localhost', queue_name='new-Dogs', message=b'\x80\x04\x95\xcd\x00\x00\x00\x00\x00\x00\x00}\x94(\x8c\x04name\x94\x8c\x04Chad\x94\x8c\x08pet_type\x94\x8c\x03Dog\x94\x8c\x05breed\x94\x8c\nRottweiler\x94\x8c\x03age\x94K\x08\x8c\x05color\x94\x8c\x07Striped\x94\x8c\x0cshelter_name\x94\x8c\x11Happy Paws Rescue\x94\x8c\x0cshelter_city\x94\x8c\tBoydmouth\x94\x8c\rshelter_state\x94\x8c\x07Wyoming\x94\x8c\x0bdate_posted\x94\x8c\x1105/10/24 19:26:20\x94u.')
2024-06-09 18:59:52,532.producer.INFO connection opened: host='localhost', queue_name='new-Dogs'
2024-06-09 18:59:52,534.producer.INFO  [x] Sent b'\x80\x04\x95\xcd\x00\x00\x00\x00\x00\x00\x00}\x94(\x8c\x04name\x94\x8c\x04Chad\x94\x8c\x08pet_type\x94\x8c\x03Dog\x94\x8c\x05breed\x94\x8c\nRottweiler\x94\x8c\x03age\x94K\x08\x8c\x05color\x94\x8c\x07Striped\x94\x8c\x0cshelter_name\x94\x8c\x11Happy Paws Rescue\x94\x8c\x0cshelter_city\x94\x8c\tBoydmouth\x94\x8c\rshelter_state\x94\x8c\x07Wyoming\x94\x8c\x0bdate_posted\x94\x8c\x1105/10/24 19:26:20\x94u.'
2024-06-09 18:59:52,535.producer.INFO connection closed: host='localhost', queue_name='new-Dogs'
